<?xml version="1.0" encoding="UTF-8"?>
<!-- Generated by org.testng.reporters.JUnitReportReporter -->
<testsuite skipped="0" hostname="SC-201811171323" name="com.example.ForumTplApplicationTests" tests="1" failures="0" timestamp="02 六月 2020 02:27:25 GMT" time="0.287" errors="0">
  <testcase name="testByYaml" time="0.287" classname="com.example.ForumTplApplicationTests"/>
</testsuite> <!-- com.example.ForumTplApplicationTests -->
